-------------------------------------------------------------------------------
Test set: com.examly.springapp.HealthCoachTests
-------------------------------------------------------------------------------
Tests run: 20, Failures: 20, Errors: 0, Skipped: 0, Time elapsed: 2.415 s <<< FAILURE! - in com.examly.springapp.HealthCoachTests
com.examly.springapp.HealthCoachTests.test_CorsConfiguration_Has_Configuration_Annotation  Time elapsed: 0.187 s  <<< FAILURE!
org.opentest4j.AssertionFailedError: Class or annotation not found.
	at com.examly.springapp.HealthCoachTests.checkClassHasAnnotation(SpringappApplicationTests.java:226)
	at com.examly.springapp.HealthCoachTests.test_CorsConfiguration_Has_Configuration_Annotation(SpringappApplicationTests.java:164)

com.examly.springapp.HealthCoachTests.test_InvalidExperienceException_Extends_RuntimeException  Time elapsed: 0.002 s  <<< FAILURE!
org.opentest4j.AssertionFailedError: InvalidExperienceException class does not exist.
	at com.examly.springapp.HealthCoachTests.test_InvalidExperienceException_Extends_RuntimeException(SpringappApplicationTests.java:182)

com.examly.springapp.HealthCoachTests.test_Repository_Folder_Exists  Time elapsed: 0.003 s  <<< FAILURE!
org.opentest4j.AssertionFailedError: expected: <true> but was: <false>
	at com.examly.springapp.HealthCoachTests.test_Repository_Folder_Exists(SpringappApplicationTests.java:101)

com.examly.springapp.HealthCoachTests.test_HealthCoachModel_Class_Exists  Time elapsed: 0.002 s  <<< FAILURE!
org.opentest4j.AssertionFailedError: Class com.examly.springapp.model.HealthCoach does not exist.
	at com.examly.springapp.HealthCoachTests.checkClassExists(SpringappApplicationTests.java:191)
	at com.examly.springapp.HealthCoachTests.test_HealthCoachModel_Class_Exists(SpringappApplicationTests.java:121)

com.examly.springapp.HealthCoachTests.test_Add_Coach  Time elapsed: 0.056 s  <<< FAILURE!
java.lang.AssertionError: Status expected:<200> but was:<404>
	at com.examly.springapp.HealthCoachTests.test_Add_Coach(SpringappApplicationTests.java:36)

com.examly.springapp.HealthCoachTests.test_Service_Folder_Exists  Time elapsed: 0.003 s  <<< FAILURE!
org.opentest4j.AssertionFailedError: expected: <true> but was: <false>
	at com.examly.springapp.HealthCoachTests.test_Service_Folder_Exists(SpringappApplicationTests.java:109)

com.examly.springapp.HealthCoachTests.test_HealthCoach_Model_Has_phoneNumber_Field  Time elapsed: 0.002 s  <<< FAILURE!
org.opentest4j.AssertionFailedError: Class com.examly.springapp.model.HealthCoach does not exist.
	at com.examly.springapp.HealthCoachTests.checkFieldExists(SpringappApplicationTests.java:201)
	at com.examly.springapp.HealthCoachTests.test_HealthCoach_Model_Has_phoneNumber_Field(SpringappApplicationTests.java:145)

com.examly.springapp.HealthCoachTests.test_HealthCoach_Model_Has_name_Field  Time elapsed: 0.001 s  <<< FAILURE!
org.opentest4j.AssertionFailedError: Class com.examly.springapp.model.HealthCoach does not exist.
	at com.examly.springapp.HealthCoachTests.checkFieldExists(SpringappApplicationTests.java:201)
	at com.examly.springapp.HealthCoachTests.test_HealthCoach_Model_Has_name_Field(SpringappApplicationTests.java:127)

com.examly.springapp.HealthCoachTests.test_HealthCoach_Model_Has_specialization_Field  Time elapsed: 0.002 s  <<< FAILURE!
org.opentest4j.AssertionFailedError: Class com.examly.springapp.model.HealthCoach does not exist.
	at com.examly.springapp.HealthCoachTests.checkFieldExists(SpringappApplicationTests.java:201)
	at com.examly.springapp.HealthCoachTests.test_HealthCoach_Model_Has_specialization_Field(SpringappApplicationTests.java:133)

com.examly.springapp.HealthCoachTests.test_Add_Coach_With_Invalid_Experience  Time elapsed: 0.004 s  <<< FAILURE!
java.lang.AssertionError: Status expected:<400> but was:<404>
	at com.examly.springapp.HealthCoachTests.test_Add_Coach_With_Invalid_Experience(SpringappApplicationTests.java:49)

com.examly.springapp.HealthCoachTests.test_HealthCoachRepo_Extends_JpaRepository  Time elapsed: 0.002 s  <<< FAILURE!
org.opentest4j.AssertionFailedError: Class or interface not found.
	at com.examly.springapp.HealthCoachTests.checkClassImplementsInterface(SpringappApplicationTests.java:214)
	at com.examly.springapp.HealthCoachTests.test_HealthCoachRepo_Extends_JpaRepository(SpringappApplicationTests.java:151)

com.examly.springapp.HealthCoachTests.test_HealthCoach_Model_Has_certification_Field  Time elapsed: 0.002 s  <<< FAILURE!
org.opentest4j.AssertionFailedError: Class com.examly.springapp.model.HealthCoach does not exist.
	at com.examly.springapp.HealthCoachTests.checkFieldExists(SpringappApplicationTests.java:201)
	at com.examly.springapp.HealthCoachTests.test_HealthCoach_Model_Has_certification_Field(SpringappApplicationTests.java:139)

com.examly.springapp.HealthCoachTests.test_CorsConfiguration_Class_Exists  Time elapsed: 0.002 s  <<< FAILURE!
org.opentest4j.AssertionFailedError: Class com.examly.springapp.configuration.CorsConfiguration does not exist.
	at com.examly.springapp.HealthCoachTests.checkClassExists(SpringappApplicationTests.java:191)
	at com.examly.springapp.HealthCoachTests.test_CorsConfiguration_Class_Exists(SpringappApplicationTests.java:158)

com.examly.springapp.HealthCoachTests.test_Get_AllCoaches  Time elapsed: 0.008 s  <<< FAILURE!
java.lang.AssertionError: Status expected:<200> but was:<404>
	at com.examly.springapp.HealthCoachTests.test_Get_AllCoaches(SpringappApplicationTests.java:59)

com.examly.springapp.HealthCoachTests.test_HealthCoach_File_Exists  Time elapsed: 0.002 s  <<< FAILURE!
org.opentest4j.AssertionFailedError: expected: <true> but was: <false>
	at com.examly.springapp.HealthCoachTests.test_HealthCoach_File_Exists(SpringappApplicationTests.java:93)

com.examly.springapp.HealthCoachTests.test_HealthCoachService_Class_Exists  Time elapsed: 0.002 s  <<< FAILURE!
org.opentest4j.AssertionFailedError: Class com.examly.springapp.service.HealthCoachService does not exist.
	at com.examly.springapp.HealthCoachTests.checkClassExists(SpringappApplicationTests.java:191)
	at com.examly.springapp.HealthCoachTests.test_HealthCoachService_Class_Exists(SpringappApplicationTests.java:115)

com.examly.springapp.HealthCoachTests.test_Controller_Directory_Exists  Time elapsed: 0.002 s  <<< FAILURE!
org.opentest4j.AssertionFailedError: expected: <true> but was: <false>
	at com.examly.springapp.HealthCoachTests.test_Controller_Directory_Exists(SpringappApplicationTests.java:69)

com.examly.springapp.HealthCoachTests.test_Model_Directory_Exists  Time elapsed: 0.002 s  <<< FAILURE!
org.opentest4j.AssertionFailedError: expected: <true> but was: <false>
	at com.examly.springapp.HealthCoachTests.test_Model_Directory_Exists(SpringappApplicationTests.java:85)

com.examly.springapp.HealthCoachTests.test_InvalidExperienceException_Class_Exists  Time elapsed: 0.002 s  <<< FAILURE!
org.opentest4j.AssertionFailedError: Class com.examly.springapp.exception.InvalidExperienceException does not exist.
	at com.examly.springapp.HealthCoachTests.checkClassExists(SpringappApplicationTests.java:191)
	at com.examly.springapp.HealthCoachTests.test_InvalidExperienceException_Class_Exists(SpringappApplicationTests.java:171)

com.examly.springapp.HealthCoachTests.test_HealthCoachController_File_Exists  Time elapsed: 0.002 s  <<< FAILURE!
org.opentest4j.AssertionFailedError: expected: <true> but was: <false>
	at com.examly.springapp.HealthCoachTests.test_HealthCoachController_File_Exists(SpringappApplicationTests.java:77)

