-------------------------------------------------------------------------------
Test set: com.examly.springapp.HealthCoachTests
-------------------------------------------------------------------------------
Tests run: 20, Failures: 1, Errors: 0, Skipped: 0, Time elapsed: 3.127 s <<< FAILURE! - in com.examly.springapp.HealthCoachTests
com.examly.springapp.HealthCoachTests.test_Add_Coach  Time elapsed: 0.133 s  <<< FAILURE!
java.lang.AssertionError: Status expected:<200> but was:<201>
	at com.examly.springapp.HealthCoachTests.test_Add_Coach(SpringappApplicationTests.java:36)

